2025-05-24 14:32:35,746 - INFO - Initialized bot with testnet=True
2025-05-24 14:32:36,179 - INFO - Order placed: {'orderId': 4456290976, 'symbol': 'BTCUSDT', 'status': 'NEW', 'clientOrderId': 'x-Cb7ytekJ8ed4f97086eb82f2c617d0', 'price': '0.00', 'avgPrice': '0.00', 'origQty': '0.001', 'executedQty': '0.000', 'cumQty': '0.000', 'cumQuote': '0.00000', 'timeInForce': 'GTC', 'type': 'MARKET', 'reduceOnly': False, 'closePosition': False, 'side': 'BUY', 'positionSide': 'BOTH', 'stopPrice': '0.00', 'workingType': 'CONTRACT_PRICE', 'priceProtect': False, 'origType': 'MARKET', 'priceMatch': 'NONE', 'selfTradePreventionMode': 'EXPIRE_MAKER', 'goodTillDate': 0, 'updateTime': 1748077356941}
2025-05-24 14:56:50,661 - INFO - Initialized bot with testnet=True
2025-05-24 14:56:50,664 - ERROR - Error placing order: Both stop_price and price are required for STOP_LIMIT order.
2025-05-24 14:57:41,824 - INFO - Initialized bot with testnet=True
2025-05-24 14:57:41,824 - ERROR - Error placing order: Both stop_price and price are required for STOP_LIMIT order.
2025-05-24 14:58:18,854 - INFO - Initialized bot with testnet=True
2025-05-24 14:58:18,854 - ERROR - Error placing order: Both stop_price and price are required for STOP_LIMIT order.
2025-05-24 14:58:57,251 - INFO - Initialized bot with testnet=True
2025-05-24 14:58:58,974 - INFO - Order placed: {'orderId': 4456342739, 'symbol': 'BTCUSDT', 'status': 'NEW', 'clientOrderId': 'x-Cb7ytekJ67c655680dbdab3670b677', 'price': '0.00', 'avgPrice': '0.00', 'origQty': '0.001', 'executedQty': '0.000', 'cumQty': '0.000', 'cumQuote': '0.00000', 'timeInForce': 'GTC', 'type': 'MARKET', 'reduceOnly': False, 'closePosition': False, 'side': 'BUY', 'positionSide': 'BOTH', 'stopPrice': '0.00', 'workingType': 'CONTRACT_PRICE', 'priceProtect': False, 'origType': 'MARKET', 'priceMatch': 'NONE', 'selfTradePreventionMode': 'EXPIRE_MAKER', 'goodTillDate': 0, 'updateTime': 1748078939740}
2025-05-24 14:59:00,704 - INFO - Initialized bot with testnet=True
2025-05-24 14:59:01,384 - ERROR - Error placing order: APIError(code=-4024): Limit price can't be lower than 54142.91.
2025-05-24 15:00:57,131 - INFO - Initialized bot with testnet=True
2025-05-24 15:00:57,825 - ERROR - Error placing order: APIError(code=-4024): Limit price can't be lower than 54178.91.
2025-05-24 15:01:01,880 - INFO - Initialized bot with testnet=True
2025-05-24 15:01:02,235 - INFO - Order placed: {'orderId': 4456346210, 'symbol': 'BTCUSDT', 'status': 'NEW', 'clientOrderId': 'x-Cb7ytekJ9d362f11aa0172a1599ba1', 'price': '108200.00', 'avgPrice': '0.00', 'origQty': '0.001', 'executedQty': '0.000', 'cumQty': '0.000', 'cumQuote': '0.00000', 'timeInForce': 'GTC', 'type': 'LIMIT', 'reduceOnly': False, 'closePosition': False, 'side': 'SELL', 'positionSide': 'BOTH', 'stopPrice': '0.00', 'workingType': 'CONTRACT_PRICE', 'priceProtect': False, 'origType': 'LIMIT', 'priceMatch': 'NONE', 'selfTradePreventionMode': 'EXPIRE_MAKER', 'goodTillDate': 0, 'updateTime': 1748079062971}
2025-05-24 15:01:44,411 - INFO - Initialized bot with testnet=True
2025-05-24 15:01:45,034 - INFO - Order placed: {'orderId': 4456347993, 'symbol': 'BTCUSDT', 'status': 'NEW', 'clientOrderId': 'x-Cb7ytekJfd98fc51c32d50847f4ac5', 'price': '108200.00', 'avgPrice': '0.00', 'origQty': '0.001', 'executedQty': '0.000', 'cumQty': '0.000', 'cumQuote': '0.00000', 'timeInForce': 'GTC', 'type': 'LIMIT', 'reduceOnly': False, 'closePosition': False, 'side': 'SELL', 'positionSide': 'BOTH', 'stopPrice': '0.00', 'workingType': 'CONTRACT_PRICE', 'priceProtect': False, 'origType': 'LIMIT', 'priceMatch': 'NONE', 'selfTradePreventionMode': 'EXPIRE_MAKER', 'goodTillDate': 0, 'updateTime': 1748079105569}
2025-05-24 15:01:57,616 - INFO - Initialized bot with testnet=True
2025-05-24 15:01:58,115 - INFO - Order placed: {'orderId': 4456348597, 'symbol': 'BTCUSDT', 'status': 'NEW', 'clientOrderId': 'x-Cb7ytekJdb2999f31daf7a28f27dd', 'price': '0.00', 'avgPrice': '0.00', 'origQty': '0.001', 'executedQty': '0.000', 'cumQty': '0.000', 'cumQuote': '0.00000', 'timeInForce': 'GTC', 'type': 'MARKET', 'reduceOnly': False, 'closePosition': False, 'side': 'BUY', 'positionSide': 'BOTH', 'stopPrice': '0.00', 'workingType': 'CONTRACT_PRICE', 'priceProtect': False, 'origType': 'MARKET', 'priceMatch': 'NONE', 'selfTradePreventionMode': 'EXPIRE_MAKER', 'goodTillDate': 0, 'updateTime': 1748079118867}
2025-05-24 15:03:53,422 - INFO - Initialized bot with testnet=True
2025-05-24 15:03:53,422 - ERROR - Error placing order: Both stop_price and price are required for STOP_LIMIT order.
2025-05-24 15:07:06,747 - INFO - Initialized bot with testnet=True
2025-05-24 15:07:06,748 - ERROR - Error placing order: Both stop_price and price are required for STOP_LIMIT order.
2025-05-24 15:13:04,149 - INFO - Initialized bot with testnet=True
2025-05-24 15:13:04,149 - ERROR - Error placing order: Both stop_price and price are required for STOP_LIMIT order.
2025-05-24 15:13:22,789 - INFO - Initialized bot with testnet=True
2025-05-24 15:13:22,789 - ERROR - Error placing order: Both stop_price and price are required for STOP_LIMIT order.
2025-05-24 15:14:47,992 - INFO - Initialized bot with testnet=True
2025-05-24 15:14:48,398 - INFO - Order placed: {'orderId': 4456371302, 'symbol': 'BTCUSDT', 'status': 'NEW', 'clientOrderId': 'x-Cb7ytekJ5762d3c91bb459e01da037', 'price': '108200.00', 'avgPrice': '0.00', 'origQty': '0.001', 'executedQty': '0.000', 'cumQty': '0.000', 'cumQuote': '0.00000', 'timeInForce': 'GTC', 'type': 'STOP', 'reduceOnly': False, 'closePosition': False, 'side': 'BUY', 'positionSide': 'BOTH', 'stopPrice': '108400.00', 'workingType': 'CONTRACT_PRICE', 'priceProtect': False, 'origType': 'STOP', 'priceMatch': 'NONE', 'selfTradePreventionMode': 'EXPIRE_MAKER', 'goodTillDate': 0, 'updateTime': 1748079889148}
2025-05-24 15:45:50,128 - INFO - Initialized bot with testnet=True
2025-05-24 15:46:02,241 - INFO - Initialized bot with testnet=True
2025-05-24 15:46:24,319 - INFO - Initialized bot with testnet=True
2025-05-24 15:48:26,597 - INFO - Initialized bot with testnet=True
2025-05-24 15:51:37,490 - INFO - Initialized bot with testnet=True
2025-05-24 15:51:45,379 - ERROR - Error placing order: API Secret required for private endpoints
2025-05-24 15:52:23,283 - INFO - Initialized bot with testnet=True
2025-05-24 15:52:25,771 - INFO - Initialized bot with testnet=True
2025-05-24 15:52:28,131 - INFO - Initialized bot with testnet=True
2025-05-24 15:52:43,613 - INFO - Initialized bot with testnet=True
2025-05-24 15:52:55,483 - INFO - Initialized bot with testnet=True
2025-05-24 15:53:00,591 - ERROR - Error placing order: APIError(code=-2021): Order would immediately trigger.
2025-05-24 15:54:09,410 - ERROR - Error placing order: APIError(code=-2021): Order would immediately trigger.
2025-05-24 15:56:45,754 - INFO - Order placed: {'orderId': 4456453970, 'symbol': 'BTCUSDT', 'status': 'NEW', 'clientOrderId': 'x-Cb7ytekJce0e9dcc9b730ac2a87113', 'price': '108350.00', 'avgPrice': '0.00', 'origQty': '0.001', 'executedQty': '0.000', 'cumQty': '0.000', 'cumQuote': '0.00000', 'timeInForce': 'GTC', 'type': 'STOP', 'reduceOnly': False, 'closePosition': False, 'side': 'BUY', 'positionSide': 'BOTH', 'stopPrice': '108300.00', 'workingType': 'CONTRACT_PRICE', 'priceProtect': False, 'origType': 'STOP', 'priceMatch': 'NONE', 'selfTradePreventionMode': 'EXPIRE_MAKER', 'goodTillDate': 0, 'updateTime': 1748082407157}
2025-05-24 15:57:40,221 - INFO - Order placed: {'orderId': 4456455878, 'symbol': 'BTCUSDT', 'status': 'NEW', 'clientOrderId': 'x-Cb7ytekJ224f9ce2653eec17ebed49', 'price': '0.00', 'avgPrice': '0.00', 'origQty': '0.001', 'executedQty': '0.000', 'cumQty': '0.000', 'cumQuote': '0.00000', 'timeInForce': 'GTC', 'type': 'MARKET', 'reduceOnly': False, 'closePosition': False, 'side': 'BUY', 'positionSide': 'BOTH', 'stopPrice': '0.00', 'workingType': 'CONTRACT_PRICE', 'priceProtect': False, 'origType': 'MARKET', 'priceMatch': 'NONE', 'selfTradePreventionMode': 'EXPIRE_MAKER', 'goodTillDate': 0, 'updateTime': 1748082461552}
2025-05-24 15:58:45,259 - INFO - Order placed: {'orderId': 4456457843, 'symbol': 'BTCUSDT', 'status': 'NEW', 'clientOrderId': 'x-Cb7ytekJa79a6f0d691f402d3f6211', 'price': '108200.00', 'avgPrice': '0.00', 'origQty': '0.001', 'executedQty': '0.000', 'cumQty': '0.000', 'cumQuote': '0.00000', 'timeInForce': 'GTC', 'type': 'LIMIT', 'reduceOnly': False, 'closePosition': False, 'side': 'SELL', 'positionSide': 'BOTH', 'stopPrice': '0.00', 'workingType': 'CONTRACT_PRICE', 'priceProtect': False, 'origType': 'LIMIT', 'priceMatch': 'NONE', 'selfTradePreventionMode': 'EXPIRE_MAKER', 'goodTillDate': 0, 'updateTime': 1748082526494}
2025-05-24 16:49:25,234 - INFO - Initialized bot with testnet=True
2025-05-24 16:49:25,238 - ERROR - Error placing order: API Secret required for private endpoints
2025-05-24 16:49:47,547 - INFO - Initialized bot with testnet=True
2025-05-24 16:49:47,998 - ERROR - Error placing order: APIError(code=-2021): Order would immediately trigger.
2025-05-24 16:50:21,821 - INFO - Initialized bot with testnet=True
2025-05-24 16:50:22,274 - INFO - Order placed: {'orderId': 4456600611, 'symbol': 'BTCUSDT', 'status': 'NEW', 'clientOrderId': 'x-Cb7ytekJ149145242f9e006a639012', 'price': '0.00', 'avgPrice': '0.00', 'origQty': '0.001', 'executedQty': '0.000', 'cumQty': '0.000', 'cumQuote': '0.00000', 'timeInForce': 'GTC', 'type': 'MARKET', 'reduceOnly': False, 'closePosition': False, 'side': 'BUY', 'positionSide': 'BOTH', 'stopPrice': '0.00', 'workingType': 'CONTRACT_PRICE', 'priceProtect': False, 'origType': 'MARKET', 'priceMatch': 'NONE', 'selfTradePreventionMode': 'EXPIRE_MAKER', 'goodTillDate': 0, 'updateTime': 1748085624310}
2025-05-24 16:56:13,876 - INFO - Initialized bot with testnet=True
2025-05-24 16:56:14,277 - INFO - Order placed: {'orderId': 4456613876, 'symbol': 'BTCUSDT', 'status': 'NEW', 'clientOrderId': 'x-Cb7ytekJ75190b3f5ebc55c08cb602', 'price': '0.00', 'avgPrice': '0.00', 'origQty': '0.002', 'executedQty': '0.000', 'cumQty': '0.000', 'cumQuote': '0.00000', 'timeInForce': 'GTC', 'type': 'MARKET', 'reduceOnly': False, 'closePosition': False, 'side': 'BUY', 'positionSide': 'BOTH', 'stopPrice': '0.00', 'workingType': 'CONTRACT_PRICE', 'priceProtect': False, 'origType': 'MARKET', 'priceMatch': 'NONE', 'selfTradePreventionMode': 'EXPIRE_MAKER', 'goodTillDate': 0, 'updateTime': 1748085976317}
2025-05-24 16:57:41,917 - INFO - Initialized bot with testnet=True
2025-05-24 16:57:54,425 - INFO - Order placed: {'orderId': 4456617596, 'symbol': 'BTCUSDT', 'status': 'NEW', 'clientOrderId': 'x-Cb7ytekJ356ecbed43ccb2c9cc032a', 'price': '108200.00', 'avgPrice': '0.00', 'origQty': '0.001', 'executedQty': '0.000', 'cumQty': '0.000', 'cumQuote': '0.00000', 'timeInForce': 'GTC', 'type': 'LIMIT', 'reduceOnly': False, 'closePosition': False, 'side': 'SELL', 'positionSide': 'BOTH', 'stopPrice': '0.00', 'workingType': 'CONTRACT_PRICE', 'priceProtect': False, 'origType': 'LIMIT', 'priceMatch': 'NONE', 'selfTradePreventionMode': 'EXPIRE_MAKER', 'goodTillDate': 0, 'updateTime': 1748086076481}
2025-05-24 16:59:18,803 - INFO - Order placed: {'orderId': 4456620527, 'symbol': 'BTCUSDT', 'status': 'NEW', 'clientOrderId': 'x-Cb7ytekJ80578ad721edb3f7033bb7', 'price': '0.00', 'avgPrice': '0.00', 'origQty': '0.002', 'executedQty': '0.000', 'cumQty': '0.000', 'cumQuote': '0.00000', 'timeInForce': 'GTC', 'type': 'MARKET', 'reduceOnly': False, 'closePosition': False, 'side': 'SELL', 'positionSide': 'BOTH', 'stopPrice': '0.00', 'workingType': 'CONTRACT_PRICE', 'priceProtect': False, 'origType': 'MARKET', 'priceMatch': 'NONE', 'selfTradePreventionMode': 'EXPIRE_MAKER', 'goodTillDate': 0, 'updateTime': 1748086160851}
2025-05-24 16:59:28,946 - INFO - Order placed: {'orderId': 4456620821, 'symbol': 'BTCUSDT', 'status': 'NEW', 'clientOrderId': 'x-Cb7ytekJ2cd4dea405a9c4c19dbc77', 'price': '0.00', 'avgPrice': '0.00', 'origQty': '0.001', 'executedQty': '0.000', 'cumQty': '0.000', 'cumQuote': '0.00000', 'timeInForce': 'GTC', 'type': 'MARKET', 'reduceOnly': False, 'closePosition': False, 'side': 'SELL', 'positionSide': 'BOTH', 'stopPrice': '0.00', 'workingType': 'CONTRACT_PRICE', 'priceProtect': False, 'origType': 'MARKET', 'priceMatch': 'NONE', 'selfTradePreventionMode': 'EXPIRE_MAKER', 'goodTillDate': 0, 'updateTime': 1748086170985}
2025-05-24 16:59:34,318 - INFO - Order placed: {'orderId': 4456620974, 'symbol': 'BTCUSDT', 'status': 'NEW', 'clientOrderId': 'x-Cb7ytekJafe00261d0e8cbca54c88b', 'price': '0.00', 'avgPrice': '0.00', 'origQty': '0.001', 'executedQty': '0.000', 'cumQty': '0.000', 'cumQuote': '0.00000', 'timeInForce': 'GTC', 'type': 'MARKET', 'reduceOnly': False, 'closePosition': False, 'side': 'SELL', 'positionSide': 'BOTH', 'stopPrice': '0.00', 'workingType': 'CONTRACT_PRICE', 'priceProtect': False, 'origType': 'MARKET', 'priceMatch': 'NONE', 'selfTradePreventionMode': 'EXPIRE_MAKER', 'goodTillDate': 0, 'updateTime': 1748086176360}
2025-05-24 16:59:45,879 - INFO - Order placed: {'orderId': 4456621276, 'symbol': 'BTCUSDT', 'status': 'NEW', 'clientOrderId': 'x-Cb7ytekJaa407f4433ad76194ec382', 'price': '0.00', 'avgPrice': '0.00', 'origQty': '0.002', 'executedQty': '0.000', 'cumQty': '0.000', 'cumQuote': '0.00000', 'timeInForce': 'GTC', 'type': 'MARKET', 'reduceOnly': False, 'closePosition': False, 'side': 'BUY', 'positionSide': 'BOTH', 'stopPrice': '0.00', 'workingType': 'CONTRACT_PRICE', 'priceProtect': False, 'origType': 'MARKET', 'priceMatch': 'NONE', 'selfTradePreventionMode': 'EXPIRE_MAKER', 'goodTillDate': 0, 'updateTime': 1748086187926}
2025-05-24 17:17:26,206 - INFO - Initialized bot with testnet=True
2025-05-24 17:18:30,491 - INFO - Order placed: {'orderId': 4456665368, 'symbol': 'BTCUSDT', 'status': 'NEW', 'clientOrderId': 'x-Cb7ytekJa5063199d8567c79414724', 'price': '0.00', 'avgPrice': '0.00', 'origQty': '0.001', 'executedQty': '0.000', 'cumQty': '0.000', 'cumQuote': '0.00000', 'timeInForce': 'GTC', 'type': 'MARKET', 'reduceOnly': False, 'closePosition': False, 'side': 'BUY', 'positionSide': 'BOTH', 'stopPrice': '0.00', 'workingType': 'CONTRACT_PRICE', 'priceProtect': False, 'origType': 'MARKET', 'priceMatch': 'NONE', 'selfTradePreventionMode': 'EXPIRE_MAKER', 'goodTillDate': 0, 'updateTime': 1748087312541}
2025-05-24 17:20:07,250 - INFO - Initialized bot with testnet=True
2025-05-24 17:20:21,604 - INFO - Initialized bot with testnet=True
2025-05-24 17:20:27,203 - INFO - Initialized bot with testnet=True
2025-05-24 17:20:29,763 - INFO - Initialized bot with testnet=True
2025-05-24 17:23:03,673 - INFO - Initialized bot with testnet=True
2025-05-24 17:23:30,520 - INFO - Initialized bot with testnet=True
2025-05-24 17:23:32,718 - INFO - Initialized bot with testnet=True
2025-05-24 17:24:49,218 - INFO - Initialized bot with testnet=True
2025-05-24 17:25:01,527 - INFO - Initialized bot with testnet=True
2025-05-24 17:25:32,677 - INFO - Initialized bot with testnet=True
2025-05-24 17:25:47,111 - INFO - Initialized bot with testnet=True
2025-05-24 17:25:49,551 - INFO - Initialized bot with testnet=True
2025-05-24 17:26:00,473 - INFO - Initialized bot with testnet=True
2025-05-24 17:26:07,279 - INFO - Initialized bot with testnet=True
2025-05-24 17:26:09,519 - INFO - Initialized bot with testnet=True
2025-05-24 17:26:13,601 - INFO - Initialized bot with testnet=True
2025-05-24 17:26:16,191 - INFO - Initialized bot with testnet=True
2025-05-24 17:39:12,308 - INFO - Initialized bot with testnet=True
2025-05-24 17:41:33,865 - INFO - Initialized bot with testnet=True
2025-05-24 17:45:14,989 - INFO - Initialized bot with testnet=True
2025-05-24 17:46:40,463 - INFO - Initialized bot with testnet=True
2025-05-24 17:48:20,175 - INFO - Initialized bot with testnet=True
2025-05-24 17:48:48,871 - ERROR - Error placing order: APIError(code=-1111): Precision is over the maximum defined for this asset.
2025-05-24 17:51:06,016 - INFO - Initialized bot with testnet=True
2025-05-24 17:51:08,157 - INFO - Initialized bot with testnet=True
2025-05-24 17:51:17,995 - ERROR - Error placing order: APIError(code=-1111): Precision is over the maximum defined for this asset.
2025-05-24 17:51:53,936 - INFO - Order placed: {'orderId': 4456747278, 'symbol': 'BTCUSDT', 'status': 'NEW', 'clientOrderId': 'x-Cb7ytekJ5e443e0992d31fef1f84d1', 'price': '0.00', 'avgPrice': '0.00', 'origQty': '0.001', 'executedQty': '0.000', 'cumQty': '0.000', 'cumQuote': '0.00000', 'timeInForce': 'GTC', 'type': 'MARKET', 'reduceOnly': False, 'closePosition': False, 'side': 'BUY', 'positionSide': 'BOTH', 'stopPrice': '0.00', 'workingType': 'CONTRACT_PRICE', 'priceProtect': False, 'origType': 'MARKET', 'priceMatch': 'NONE', 'selfTradePreventionMode': 'EXPIRE_MAKER', 'goodTillDate': 0, 'updateTime': 1748089315956}
2025-05-24 17:53:31,902 - INFO - Order placed: {'orderId': 4456751117, 'symbol': 'BTCUSDT', 'status': 'NEW', 'clientOrderId': 'x-Cb7ytekJd9416b94ba98ffc7545e8', 'price': '0.00', 'avgPrice': '0.00', 'origQty': '0.001', 'executedQty': '0.000', 'cumQty': '0.000', 'cumQuote': '0.00000', 'timeInForce': 'GTC', 'type': 'MARKET', 'reduceOnly': False, 'closePosition': False, 'side': 'BUY', 'positionSide': 'BOTH', 'stopPrice': '0.00', 'workingType': 'CONTRACT_PRICE', 'priceProtect': False, 'origType': 'MARKET', 'priceMatch': 'NONE', 'selfTradePreventionMode': 'EXPIRE_MAKER', 'goodTillDate': 0, 'updateTime': 1748089413914}
2025-05-24 17:53:47,979 - ERROR - Error placing order: APIError(code=-1111): Precision is over the maximum defined for this asset.
2025-05-24 17:53:52,037 - ERROR - Error placing order: APIError(code=-1111): Precision is over the maximum defined for this asset.
2025-05-24 17:53:59,110 - ERROR - Error placing order: APIError(code=-1111): Precision is over the maximum defined for this asset.
2025-05-24 17:54:04,309 - INFO - Order placed: {'orderId': 4456752596, 'symbol': 'BTCUSDT', 'status': 'NEW', 'clientOrderId': 'x-Cb7ytekJ8a583c7f6a180ff783b740', 'price': '0.00', 'avgPrice': '0.00', 'origQty': '0.004', 'executedQty': '0.000', 'cumQty': '0.000', 'cumQuote': '0.00000', 'timeInForce': 'GTC', 'type': 'MARKET', 'reduceOnly': False, 'closePosition': False, 'side': 'BUY', 'positionSide': 'BOTH', 'stopPrice': '0.00', 'workingType': 'CONTRACT_PRICE', 'priceProtect': False, 'origType': 'MARKET', 'priceMatch': 'NONE', 'selfTradePreventionMode': 'EXPIRE_MAKER', 'goodTillDate': 0, 'updateTime': 1748089446342}
2025-05-24 17:54:51,622 - INFO - Order placed: {'orderId': 4456754630, 'symbol': 'BTCUSDT', 'status': 'NEW', 'clientOrderId': 'x-Cb7ytekJeac892f602c3275aefa534', 'price': '108810.00', 'avgPrice': '0.00', 'origQty': '0.004', 'executedQty': '0.000', 'cumQty': '0.000', 'cumQuote': '0.00000', 'timeInForce': 'GTC', 'type': 'LIMIT', 'reduceOnly': False, 'closePosition': False, 'side': 'BUY', 'positionSide': 'BOTH', 'stopPrice': '0.00', 'workingType': 'CONTRACT_PRICE', 'priceProtect': False, 'origType': 'LIMIT', 'priceMatch': 'NONE', 'selfTradePreventionMode': 'EXPIRE_MAKER', 'goodTillDate': 0, 'updateTime': 1748089493658}
2025-05-24 17:55:40,470 - INFO - Order placed: {'orderId': 4456756689, 'symbol': 'BTCUSDT', 'status': 'NEW', 'clientOrderId': 'x-Cb7ytekJ5849fb6726f0649465a3c4', 'price': '0.00', 'avgPrice': '0.00', 'origQty': '0.006', 'executedQty': '0.000', 'cumQty': '0.000', 'cumQuote': '0.00000', 'timeInForce': 'GTC', 'type': 'MARKET', 'reduceOnly': False, 'closePosition': False, 'side': 'SELL', 'positionSide': 'BOTH', 'stopPrice': '0.00', 'workingType': 'CONTRACT_PRICE', 'priceProtect': False, 'origType': 'MARKET', 'priceMatch': 'NONE', 'selfTradePreventionMode': 'EXPIRE_MAKER', 'goodTillDate': 0, 'updateTime': 1748089542503}
2025-05-24 19:52:42,304 - INFO - Initialized bot with testnet=True
2025-05-24 19:54:03,745 - INFO - Initialized bot with testnet=True
2025-05-24 19:59:08,301 - INFO - Initialized bot with testnet=True
2025-05-24 20:02:03,893 - INFO - Initialized bot with testnet=True
2025-05-24 20:04:35,772 - INFO - Initialized bot with testnet=True
2025-05-24 20:06:58,421 - INFO - Initialized bot with testnet=True
2025-05-24 20:08:32,538 - INFO - Initialized bot with testnet=True
2025-05-24 20:11:43,783 - INFO - Order placed: {'orderId': 4457029033, 'symbol': 'BTCUSDT', 'status': 'NEW', 'clientOrderId': 'x-Cb7ytekJ2febf00ce00861da10684c', 'price': '0.00', 'avgPrice': '0.00', 'origQty': '0.001', 'executedQty': '0.000', 'cumQty': '0.000', 'cumQuote': '0.00000', 'timeInForce': 'GTC', 'type': 'MARKET', 'reduceOnly': False, 'closePosition': False, 'side': 'BUY', 'positionSide': 'BOTH', 'stopPrice': '0.00', 'workingType': 'CONTRACT_PRICE', 'priceProtect': False, 'origType': 'MARKET', 'priceMatch': 'NONE', 'selfTradePreventionMode': 'EXPIRE_MAKER', 'goodTillDate': 0, 'updateTime': 1748097705709}
2025-05-24 20:12:21,692 - INFO - Order placed: {'orderId': 4457030656, 'symbol': 'BTCUSDT', 'status': 'NEW', 'clientOrderId': 'x-Cb7ytekJ8b29a17072fdf6bd63ebb3', 'price': '0.00', 'avgPrice': '0.00', 'origQty': '0.001', 'executedQty': '0.000', 'cumQty': '0.000', 'cumQuote': '0.00000', 'timeInForce': 'GTC', 'type': 'MARKET', 'reduceOnly': False, 'closePosition': False, 'side': 'SELL', 'positionSide': 'BOTH', 'stopPrice': '0.00', 'workingType': 'CONTRACT_PRICE', 'priceProtect': False, 'origType': 'MARKET', 'priceMatch': 'NONE', 'selfTradePreventionMode': 'EXPIRE_MAKER', 'goodTillDate': 0, 'updateTime': 1748097743563}
2025-05-24 20:12:56,710 - INFO - Order placed: {'orderId': 4457031502, 'symbol': 'BTCUSDT', 'status': 'NEW', 'clientOrderId': 'x-Cb7ytekJ9a6fdf58323674bdb9354f', 'price': '108890.00', 'avgPrice': '0.00', 'origQty': '0.001', 'executedQty': '0.000', 'cumQty': '0.000', 'cumQuote': '0.00000', 'timeInForce': 'GTC', 'type': 'STOP', 'reduceOnly': False, 'closePosition': False, 'side': 'SELL', 'positionSide': 'BOTH', 'stopPrice': '108800.00', 'workingType': 'CONTRACT_PRICE', 'priceProtect': False, 'origType': 'STOP', 'priceMatch': 'NONE', 'selfTradePreventionMode': 'EXPIRE_MAKER', 'goodTillDate': 0, 'updateTime': 1748097778610}
